Release 14.5 - xst P.58f (nt64)
Copyright (c) 1995-2012 Xilinx, Inc.  All rights reserved.
--> Parameter TMPDIR set to xst/projnav.tmp


Total REAL time to Xst completion: 0.00 secs
Total CPU time to Xst completion: 0.34 secs
 
--> Parameter xsthdpdir set to xst


Total REAL time to Xst completion: 0.00 secs
Total CPU time to Xst completion: 0.34 secs
 
--> Reading design: control_unit.prj

TABLE OF CONTENTS
  1) Synthesis Options Summary
  2) HDL Parsing
  3) HDL Elaboration
  4) HDL Synthesis
       4.1) HDL Synthesis Report
  5) Advanced HDL Synthesis
       5.1) Advanced HDL Synthesis Report
  6) Low Level Synthesis
  7) Partition Report
  8) Design Summary
       8.1) Primitive and Black Box Usage
       8.2) Device utilization summary
       8.3) Partition Resource Summary
       8.4) Timing Report
            8.4.1) Clock Information
            8.4.2) Asynchronous Control Signals Information
            8.4.3) Timing Summary
            8.4.4) Timing Details
            8.4.5) Cross Clock Domains Report


=========================================================================
*                      Synthesis Options Summary                        *
=========================================================================
---- Source Parameters
Input File Name                    : "control_unit.prj"
Ignore Synthesis Constraint File   : NO

---- Target Parameters
Output File Name                   : "control_unit"
Output Format                      : NGC
Target Device                      : xa7a100t-2I-csg324

---- Source Options
Top Module Name                    : control_unit
Automatic FSM Extraction           : YES
FSM Encoding Algorithm             : Auto
Safe Implementation                : No
FSM Style                          : LUT
RAM Extraction                     : Yes
RAM Style                          : Auto
ROM Extraction                     : Yes
Shift Register Extraction          : YES
ROM Style                          : Auto
Resource Sharing                   : YES
Asynchronous To Synchronous        : NO
Shift Register Minimum Size        : 2
Use DSP Block                      : Auto
Automatic Register Balancing       : No

---- Target Options
LUT Combining                      : Auto
Reduce Control Sets                : Auto
Add IO Buffers                     : YES
Global Maximum Fanout              : 100000
Add Generic Clock Buffer(BUFG)     : 32
Register Duplication               : YES
Optimize Instantiated Primitives   : NO
Use Clock Enable                   : Auto
Use Synchronous Set                : Auto
Use Synchronous Reset              : Auto
Pack IO Registers into IOBs        : Auto
Equivalent register Removal        : YES

---- General Options
Optimization Goal                  : Speed
Optimization Effort                : 1
Power Reduction                    : NO
Keep Hierarchy                     : No
Netlist Hierarchy                  : As_Optimized
RTL Output                         : Yes
Global Optimization                : AllClockNets
Read Cores                         : YES
Write Timing Constraints           : NO
Cross Clock Analysis               : NO
Hierarchy Separator                : /
Bus Delimiter                      : <>
Case Specifier                     : Maintain
Slice Utilization Ratio            : 100
BRAM Utilization Ratio             : 100
DSP48 Utilization Ratio            : 100
Auto BRAM Packing                  : NO
Slice Utilization Ratio Delta      : 5

=========================================================================


=========================================================================
*                          HDL Parsing                                  *
=========================================================================
Parsing VHDL file "C:\Users\aisha\CPU1\control_unit.vhd" into library work
Parsing entity <control_unit>.
Parsing architecture <Behavioral> of entity <control_unit>.

=========================================================================
*                            HDL Elaboration                            *
=========================================================================

Elaborating entity <control_unit> (architecture <Behavioral>) from library <work>.

=========================================================================
*                           HDL Synthesis                               *
=========================================================================

Synthesizing Unit <control_unit>.
    Related source file is "C:\Users\aisha\CPU1\control_unit.vhd".
    Found 4-bit register for signal <state>.
    Found finite state machine <FSM_0> for signal <state>.
    -----------------------------------------------------------------------
    | States             | 12                                             |
    | Transitions        | 19                                             |
    | Inputs             | 6                                              |
    | Outputs            | 10                                             |
    | Clock              | clk (rising_edge)                              |
    | Reset              | reset (positive)                               |
    | Reset type         | synchronous                                    |
    | Reset State        | reset_state                                    |
    | Power Up State     | reset_state                                    |
    | Encoding           | auto                                           |
    | Implementation     | LUT                                            |
    -----------------------------------------------------------------------
    Summary:
	inferred   1 Finite State Machine(s).
Unit <control_unit> synthesized.

=========================================================================
HDL Synthesis Report

Macro Statistics
# FSMs                                                 : 1

=========================================================================

=========================================================================
*                       Advanced HDL Synthesis                          *
=========================================================================

WARNING:Xst - The specified part-type was not generated at build time. XST is loading the full part-type and will therefore consume more CPU and memory.
Loading device for application Rf_Device from file '7a100t.nph' in environment C:\Xilinx\14.5\ISE_DS\ISE\.
Loading device for application Rf_Device from file '7a100t.nph' in environment C:\Xilinx\14.5\ISE_DS\ISE\.

=========================================================================
Advanced HDL Synthesis Report

Macro Statistics
# FSMs                                                 : 1

=========================================================================

=========================================================================
*                         Low Level Synthesis                           *
=========================================================================
Analyzing FSM <MFsm> for best encoding.
Optimizing FSM <FSM_0> on signal <state[1:12]> with one-hot encoding.
-----------------------------
 State       | Encoding
-----------------------------
 reset_state | 000000000001
 fetch       | 000000000010
 decode      | 000000000100
 load0       | 000000001000
 load1       | 000100000000
 store0      | 000000010000
 store1      | 001000000000
 alu0        | 000010000000
 alu1        | 010000000000
 halt        | 000000100000
 jump0       | 000001000000
 jump1       | 100000000000
-----------------------------

Optimizing unit <control_unit> ...

Mapping all equations...
Building and optimizing final netlist ...
Found area constraint ratio of 100 (+ 5) on block control_unit, actual ratio is 0.

Final Macro Processing ...

=========================================================================
Final Register Report

Macro Statistics
# Registers                                            : 11
 Flip-Flops                                            : 11

=========================================================================

=========================================================================
*                           Partition Report                            *
=========================================================================

Partition Implementation Status
-------------------------------

  No Partitions were found in this design.

-------------------------------

=========================================================================
*                            Design Summary                             *
=========================================================================

Top Level Output File Name         : control_unit.ngc

Primitive and Black Box Usage:
------------------------------
# BELS                             : 22
#      GND                         : 1
#      LUT2                        : 8
#      LUT3                        : 3
#      LUT4                        : 5
#      LUT5                        : 3
#      LUT6                        : 2
# FlipFlops/Latches                : 11
#      FD                          : 4
#      FDR                         : 6
#      FDS                         : 1
# Clock Buffers                    : 1
#      BUFGP                       : 1
# IO Buffers                       : 24
#      IBUF                        : 6
#      OBUF                        : 18

Device utilization summary:
---------------------------

Selected Device : xa7a100tcsg324-2i 


Slice Logic Utilization: 
 Number of Slice Registers:              11  out of  126800     0%  
 Number of Slice LUTs:                   21  out of  63400     0%  
    Number used as Logic:                21  out of  63400     0%  

Slice Logic Distribution: 
 Number of LUT Flip Flop pairs used:     23
   Number with an unused Flip Flop:      12  out of     23    52%  
   Number with an unused LUT:             2  out of     23     8%  
   Number of fully used LUT-FF pairs:     9  out of     23    39%  
   Number of unique control sets:         2

IO Utilization: 
 Number of IOs:                          25
 Number of bonded IOBs:                  25  out of    210    11%  

Specific Feature Utilization:
 Number of BUFG/BUFGCTRL/BUFHCEs:         1  out of    128     0%  

---------------------------
Partition Resource Summary:
---------------------------

  No Partitions were found in this design.

---------------------------


=========================================================================
Timing Report

NOTE: THESE TIMING NUMBERS ARE ONLY A SYNTHESIS ESTIMATE.
      FOR ACCURATE TIMING INFORMATION PLEASE REFER TO THE TRACE REPORT
      GENERATED AFTER PLACE-and-ROUTE.

Clock Information:
------------------
-----------------------------------+------------------------+-------+
Clock Signal                       | Clock buffer(FF name)  | Load  |
-----------------------------------+------------------------+-------+
clk                                | BUFGP                  | 11    |
-----------------------------------+------------------------+-------+

Asynchronous Control Signals Information:
----------------------------------------
No asynchronous control signals found in this design

Timing Summary:
---------------
Speed Grade: -2

   Minimum period: 1.413ns (Maximum Frequency: 707.939MHz)
   Minimum input arrival time before clock: 1.400ns
   Maximum output required time after clock: 1.888ns
   Maximum combinational path delay: 1.036ns

Timing Details:
---------------
All values displayed in nanoseconds (ns)

=========================================================================
Timing constraint: Default period analysis for Clock 'clk'
  Clock period: 1.413ns (frequency: 707.940MHz)
  Total number of paths / destination ports: 15 / 10
-------------------------------------------------------------------------
Delay:               1.413ns (Levels of Logic = 2)
  Source:            state_FSM_FFd10 (FF)
  Destination:       state_FSM_FFd9 (FF)
  Source Clock:      clk rising
  Destination Clock: clk rising

  Data Path: state_FSM_FFd10 to state_FSM_FFd9
                                Gate     Net
    Cell:in->out      fanout   Delay   Delay  Logical Name (Net Name)
    ----------------------------------------  ------------
     FDR:C->Q             10   0.361   0.405  state_FSM_FFd10 (state_FSM_FFd10)
     LUT3:I2->O            2   0.097   0.444  state_FSM_FFd8-In11 (state_FSM_FFd8-In1)
     LUT2:I0->O            1   0.097   0.000  state_FSM_FFd9_rstpot (state_FSM_FFd9_rstpot)
     FD:D                      0.008          state_FSM_FFd9
    ----------------------------------------
    Total                      1.413ns (0.563ns logic, 0.850ns route)
                                       (39.9% logic, 60.1% route)

=========================================================================
Timing constraint: Default OFFSET IN BEFORE for Clock 'clk'
  Total number of paths / destination ports: 28 / 14
-------------------------------------------------------------------------
Offset:              1.400ns (Levels of Logic = 3)
  Source:            bneq_alu (PAD)
  Destination:       state_FSM_FFd11 (FF)
  Destination Clock: clk rising

  Data Path: bneq_alu to state_FSM_FFd11
                                Gate     Net
    Cell:in->out      fanout   Delay   Delay  Logical Name (Net Name)
    ----------------------------------------  ------------
     IBUF:I->O             2   0.001   0.444  bneq_alu_IBUF (bneq_alu_IBUF)
     LUT2:I0->O            1   0.097   0.753  state_FSM_FFd11-In_SW0 (N4)
     LUT6:I0->O            1   0.097   0.000  state_FSM_FFd11-In (state_FSM_FFd11-In)
     FDR:D                     0.008          state_FSM_FFd11
    ----------------------------------------
    Total                      1.400ns (0.203ns logic, 1.197ns route)
                                       (14.5% logic, 85.5% route)

=========================================================================
Timing constraint: Default OFFSET OUT AFTER for Clock 'clk'
  Total number of paths / destination ports: 39 / 17
-------------------------------------------------------------------------
Offset:              1.888ns (Levels of Logic = 3)
  Source:            state_FSM_FFd2 (FF)
  Destination:       en_reg (PAD)
  Source Clock:      clk rising

  Data Path: state_FSM_FFd2 to en_reg
                                Gate     Net
    Cell:in->out      fanout   Delay   Delay  Logical Name (Net Name)
    ----------------------------------------  ------------
     FDR:C->Q              5   0.361   0.639  state_FSM_FFd2 (state_FSM_FFd2)
     LUT4:I0->O            1   0.097   0.355  en_reg_SW0 (N2)
     LUT6:I5->O            1   0.097   0.339  en_reg (en_reg_OBUF)
     OBUF:I->O                 0.000          en_reg_OBUF (en_reg)
    ----------------------------------------
    Total                      1.888ns (0.555ns logic, 1.333ns route)
                                       (29.4% logic, 70.6% route)

=========================================================================
Timing constraint: Default path analysis
  Total number of paths / destination ports: 6 / 2
-------------------------------------------------------------------------
Delay:               1.036ns (Levels of Logic = 3)
  Source:            opcode<1> (PAD)
  Destination:       alu_mux (PAD)

  Data Path: opcode<1> to alu_mux
                                Gate     Net
    Cell:in->out      fanout   Delay   Delay  Logical Name (Net Name)
    ----------------------------------------  ------------
     IBUF:I->O             6   0.001   0.599  opcode_1_IBUF (opcode_1_IBUF)
     LUT3:I0->O            1   0.097   0.339  alu_mux1 (alu_mux_OBUF)
     OBUF:I->O                 0.000          alu_mux_OBUF (alu_mux)
    ----------------------------------------
    Total                      1.036ns (0.098ns logic, 0.938ns route)
                                       (9.5% logic, 90.5% route)

=========================================================================

Cross Clock Domains Report:
--------------------------

Clock to Setup on destination clock clk
---------------+---------+---------+---------+---------+
               | Src:Rise| Src:Fall| Src:Rise| Src:Fall|
Source Clock   |Dest:Rise|Dest:Rise|Dest:Fall|Dest:Fall|
---------------+---------+---------+---------+---------+
clk            |    1.413|         |         |         |
---------------+---------+---------+---------+---------+

=========================================================================


Total REAL time to Xst completion: 46.00 secs
Total CPU time to Xst completion: 46.19 secs
 
--> 

Total memory usage is 759284 kilobytes

Number of errors   :    0 (   0 filtered)
Number of warnings :    1 (   0 filtered)
Number of infos    :    0 (   0 filtered)

