Running: C:\Xilinx\14.5\ISE_DS\ISE\bin\nt64\unwrapped\fuse.exe -intstyle ise -incremental -lib secureip -o C:/Users/aisha/CPU1/memory_tb_isim_beh.exe -prj C:/Users/aisha/CPU1/memory_tb_beh.prj work.memory_tb 
ISim P.58f (signature 0x7708f090)
Number of CPUs detected in this system: 4
Turning on mult-threading, number of parallel sub-compilation jobs: 8 
Determining compilation order of HDL files
Parsing VHDL file "C:/Users/aisha/CPU1/memory.vhd" into library work
Parsing VHDL file "C:/Users/aisha/CPU1/memory_tb.vhd" into library work
Starting static elaboration
Completed static elaboration
Compiling package standard
Compiling package std_logic_1164
Compiling package std_logic_arith
Compiling architecture behavioral of entity memory [memory_default]
Compiling architecture behavior of entity memory_tb
Time Resolution for simulation is 1ps.
Waiting for 1 sub-compilation(s) to finish...
Compiled 6 VHDL Units
Built simulation executable C:/Users/aisha/CPU1/memory_tb_isim_beh.exe
Fuse Memory Usage: 32236 KB
Fuse CPU Usage: 624 ms
