INFO:sim:172 - Generating IP...
Applying current project options...
Finished applying current project options.
WARNING:sim - A core named 'main_memory' already exists in the project. Output
   products for this core may be overwritten.
Resolving generics for 'main_memory'...
WARNING:sim - A core named 'main_memory' already exists in the project. Output
   products for this core may be overwritten.
Applying external generics to 'main_memory'...
Delivering associated files for 'main_memory'...
Delivering EJava files for 'main_memory'...
Generating implementation netlist for 'main_memory'...
INFO:sim - Pre-processing HDL files for 'main_memory'...
Running synthesis for 'main_memory'
Running ngcbuild...
Writing VHO instantiation template for 'main_memory'...
Writing VHDL behavioral simulation model for 'main_memory'...
WARNING:sim - Overwriting existing file
   C:/Users/aisha/CPU1/ipcore_dir/tmp/_cg/main_memory/doc/blk_mem_gen_v7_3_vinfo
   .html with file from view xilinx_documentation
Delivered 1 file into directory
C:/Users/aisha/CPU1/ipcore_dir/tmp/_cg/main_memory
Generating ASY schematic symbol...
INFO:sim:949 - Finished generation of ASY schematic symbol.
Generating SYM schematic symbol for 'main_memory'...
Generating metadata file...
Regenerating ISE project file for 'main_memory'...
Generating ISE project...
XCO file found: main_memory.xco
XMDF file found: main_memory_xmdf.tcl
Adding C:/Users/aisha/CPU1/ipcore_dir/tmp/_cg/main_memory.asy -view all
-origin_type imported
Adding C:/Users/aisha/CPU1/ipcore_dir/tmp/_cg/main_memory.ngc -view all
-origin_type created
Checking file "C:/Users/aisha/CPU1/ipcore_dir/tmp/_cg/main_memory.ngc" for
project device match ...
File "C:/Users/aisha/CPU1/ipcore_dir/tmp/_cg/main_memory.ngc" device information
matches project device.
Adding C:/Users/aisha/CPU1/ipcore_dir/tmp/_cg/main_memory.sym -view all
-origin_type imported
Adding C:/Users/aisha/CPU1/ipcore_dir/tmp/_cg/main_memory.vhd -view all
-origin_type created
INFO:HDLCompiler:1061 - Parsing VHDL file
   "C:/Users/aisha/CPU1/ipcore_dir/tmp/_cg/main_memory.vhd" into library work
INFO:ProjectMgmt - Parsing design hierarchy completed successfully.
Adding C:/Users/aisha/CPU1/ipcore_dir/tmp/_cg/main_memory.vho -view all
-origin_type imported
INFO:TclTasksC:2116 - The automatic calculation of top has been turned-off.
   Please set the new top explicitly by running the "project set top" command.
   To re-calculate the new top automatically, set the "Auto Implementation Top"
   property to true.
Top level has been set to "/main_memory"
Generating README file...
Generating FLIST file...
INFO:sim:948 - Finished FLIST file generation.
Launching README viewer...
Moving files to output directory...
Finished moving files to output directory
Wrote CGP file for project 'main_memory'.
